app/build/intermediates/manifest_merge_blame_file/release/manifest-merger-blame-release-report.txt
1<?xml version="1.0" encoding="utf-8"?>
2<manifest xmlns:android="http://schemas.android.com/apk/res/android"
3    package="com.example.myapplication"
4    android:versionCode="1"
5    android:versionName="1.0" >
6
7    <uses-sdk
8        android:minSdkVersion="16"
8-->src\main\AndroidManifest.xml
9        android:targetSdkVersion="30" />
9-->src\main\AndroidManifest.xml
10
11    <uses-permission android:name="android.permission.READ_CONTACTS" />
11-->src\main\AndroidManifest.xml:5:5-71
11-->src\main\AndroidManifest.xml:5:22-69
12    <uses-permission android:name="android.permission.READ_EXTERNAL_STORAGE" />
12-->src\main\AndroidManifest.xml:7:5-8:67
12-->src\main\AndroidManifest.xml:8:9-64
13    <uses-permission android:name="android.permission.WRITE_EXTERNAL_STORAGE" />
13-->src\main\AndroidManifest.xml:9:5-10:68
13-->src\main\AndroidManifest.xml:10:9-65
14
15    <application
15-->src\main\AndroidManifest.xml:12:5-32:19
16        android:allowBackup="true"
16-->src\main\AndroidManifest.xml:13:9-35
17        android:appComponentFactory="androidx.core.app.CoreComponentFactory"
17-->[androidx.core:core:1.3.0] AndroidManifest.xml:24:18-86
18        android:icon="@mipmap/ic_launcher"
18-->src\main\AndroidManifest.xml:14:9-43
19        android:label="갤러리"
19-->src\main\AndroidManifest.xml:15:9-28
20        android:roundIcon="@mipmap/ic_launcher_round"
20-->src\main\AndroidManifest.xml:16:9-54
21        android:supportsRtl="true"
21-->src\main\AndroidManifest.xml:17:9-35
22        android:testOnly="true"
23        android:theme="@style/AppTheme" >
23-->src\main\AndroidManifest.xml:18:9-40
24        <activity
24-->src\main\AndroidManifest.xml:19:9-20:61
25            android:name="com.example.myapplication.ui.ImageDisplay"
25-->src\main\AndroidManifest.xml:19:19-50
26            android:screenOrientation="portrait" />
26-->src\main\AndroidManifest.xml:20:13-49
27        <activity
27-->src\main\AndroidManifest.xml:22:9-31:20
28            android:name="com.example.myapplication.ui.MainActivity"
28-->src\main\AndroidManifest.xml:23:13-44
29            android:label="Project1"
29-->src\main\AndroidManifest.xml:24:13-37
30            android:theme="@style/AppTheme.NoActionBar" >
30-->src\main\AndroidManifest.xml:25:13-56
31            <intent-filter>
31-->src\main\AndroidManifest.xml:26:13-30:29
32                <action android:name="android.intent.action.MAIN" />
32-->src\main\AndroidManifest.xml:27:17-69
32-->src\main\AndroidManifest.xml:27:25-66
33
34                <category android:name="android.intent.category.LAUNCHER" />
34-->src\main\AndroidManifest.xml:29:17-77
34-->src\main\AndroidManifest.xml:29:27-74
35            </intent-filter>
36        </activity>
37
38        <provider
38-->[androidx.lifecycle:lifecycle-process:2.2.0] AndroidManifest.xml:25:9-29:43
39            android:name="androidx.lifecycle.ProcessLifecycleOwnerInitializer"
39-->[androidx.lifecycle:lifecycle-process:2.2.0] AndroidManifest.xml:26:13-79
40            android:authorities="com.example.myapplication.lifecycle-process"
40-->[androidx.lifecycle:lifecycle-process:2.2.0] AndroidManifest.xml:27:13-69
41            android:exported="false"
41-->[androidx.lifecycle:lifecycle-process:2.2.0] AndroidManifest.xml:28:13-37
42            android:multiprocess="true" />
42-->[androidx.lifecycle:lifecycle-process:2.2.0] AndroidManifest.xml:29:13-40
43    </application>
44
45</manifest>